t_u_in['u_final']= 33.041673
t_u_in['u_middle']= 90.000000
t_u_in['u_initial']= 89.781910
t_u_in['u_waste']= 56.076607
t_u_out['u_final']= 58.617819
t_u_out['u_middle']= 90.000000
t_u_out['u_initial']= 63.000000
t_u_out['u_fresh']= 15.000000
t_u_out['u_steam']= 120.000000
t_u_out['u_hot']= 134.743433
t_u_out['u_fw_ww']= 15.001000
mass_flow['u_final']= 4.333333
mass_flow['u_middle']= 7.478116
mass_flow['u_initial']= 9.695305
mass_flow['u_fresh']= -0.000000
mass_flow['u_steam']= 0.000000
mass_flow['u_hot']= 5.216830
mass_flow['u_fw_ww']= 6.367882
mass_flow['u_waste']= 11.584712
mass_ship['u_final','u_final']= 1.198677
mass_ship['u_final','u_middle']= 0.000000
mass_ship['u_final','u_initial']= 1.330959
mass_ship['u_final','u_waste']= 1.803697
mass_ship['u_middle','u_final']= 0.000000
mass_ship['u_middle','u_middle']= 0.000000
mass_ship['u_middle','u_initial']= 7.478116
mass_ship['u_middle','u_waste']= 0.000000
mass_ship['u_initial','u_final']= 0.018433
mass_ship['u_initial','u_middle']= 1.402147
mass_ship['u_initial','u_initial']= 0.000000
mass_ship['u_initial','u_waste']= 8.274725
mass_ship['u_fresh','u_final']= 0.000000
mass_ship['u_fresh','u_middle']= 0.000000
mass_ship['u_fresh','u_initial']= 0.000000
mass_ship['u_fresh','u_waste']= 0.000000
mass_ship['u_steam','u_final']= 0.000000
mass_ship['u_steam','u_middle']= 0.000000
mass_ship['u_steam','u_initial']= 0.000000
mass_ship['u_steam','u_waste']= 0.000000
mass_ship['u_hot','u_final']= 0.208848
mass_ship['u_hot','u_middle']= 4.121752
mass_ship['u_hot','u_initial']= 0.886229
mass_ship['u_hot','u_waste']= 0.000000
mass_ship['u_fw_ww','u_final']= 2.907375
mass_ship['u_fw_ww','u_middle']= 1.954218
mass_ship['u_fw_ww','u_initial']= 0.000000
mass_ship['u_fw_ww','u_waste']= 1.506289
mass_contaminant['u_final','dirt']= 86.666667
mass_contaminant['u_middle','dirt']= 1121.717418
mass_contaminant['u_initial','dirt']= 3519.790962
mass_contaminant['u_waste','dirt']= 6728.002129
t_ww_out= 56.076058
heat_hot= 2611.166980
heat_load_ww_cooler= 0.026618
opex= 156.857825
